Started GET "/" for 127.0.0.1 at 2017-07-19 16:36:56 +0900
Processing by ApplicationController#hello as HTML
  Rendering html template
  Rendered html template (0.0ms)
Completed 200 OK in 122ms (Views: 2.9ms)


Started GET "/" for 127.0.0.1 at 2017-07-19 16:43:28 +0900
Processing by ApplicationController#hello as HTML
  Rendering html template
  Rendered html template (0.0ms)
Completed 200 OK in 159ms (Views: 2.4ms)


Started GET "/static_pages" for 127.0.0.1 at 2017-07-19 16:45:12 +0900
  
ActionController::RoutingError (No route matches [GET] "/static_pages"):
  
vendor/bundle/ruby/2.4.0/gems/actionpack-5.1.2/lib/action_dispatch/middleware/debug_exceptions.rb:63:in `call'
vendor/bundle/ruby/2.4.0/gems/web-console-3.5.1/lib/web_console/middleware.rb:135:in `call_app'
vendor/bundle/ruby/2.4.0/gems/web-console-3.5.1/lib/web_console/middleware.rb:28:in `block in call'
vendor/bundle/ruby/2.4.0/gems/web-console-3.5.1/lib/web_console/middleware.rb:18:in `catch'
vendor/bundle/ruby/2.4.0/gems/web-console-3.5.1/lib/web_console/middleware.rb:18:in `call'
vendor/bundle/ruby/2.4.0/gems/actionpack-5.1.2/lib/action_dispatch/middleware/show_exceptions.rb:31:in `call'
vendor/bundle/ruby/2.4.0/gems/railties-5.1.2/lib/rails/rack/logger.rb:36:in `call_app'
vendor/bundle/ruby/2.4.0/gems/railties-5.1.2/lib/rails/rack/logger.rb:24:in `block in call'
vendor/bundle/ruby/2.4.0/gems/activesupport-5.1.2/lib/active_support/tagged_logging.rb:69:in `block in tagged'
vendor/bundle/ruby/2.4.0/gems/activesupport-5.1.2/lib/active_support/tagged_logging.rb:26:in `tagged'
vendor/bundle/ruby/2.4.0/gems/activesupport-5.1.2/lib/active_support/tagged_logging.rb:69:in `tagged'
vendor/bundle/ruby/2.4.0/gems/railties-5.1.2/lib/rails/rack/logger.rb:24:in `call'
vendor/bundle/ruby/2.4.0/gems/sprockets-rails-3.2.0/lib/sprockets/rails/quiet_assets.rb:13:in `call'
vendor/bundle/ruby/2.4.0/gems/actionpack-5.1.2/lib/action_dispatch/middleware/remote_ip.rb:79:in `call'
vendor/bundle/ruby/2.4.0/gems/actionpack-5.1.2/lib/action_dispatch/middleware/request_id.rb:25:in `call'
vendor/bundle/ruby/2.4.0/gems/rack-2.0.3/lib/rack/method_override.rb:22:in `call'
vendor/bundle/ruby/2.4.0/gems/rack-2.0.3/lib/rack/runtime.rb:22:in `call'
vendor/bundle/ruby/2.4.0/gems/activesupport-5.1.2/lib/active_support/cache/strategy/local_cache_middleware.rb:27:in `call'
vendor/bundle/ruby/2.4.0/gems/actionpack-5.1.2/lib/action_dispatch/middleware/executor.rb:12:in `call'
vendor/bundle/ruby/2.4.0/gems/actionpack-5.1.2/lib/action_dispatch/middleware/static.rb:125:in `call'
vendor/bundle/ruby/2.4.0/gems/rack-2.0.3/lib/rack/sendfile.rb:111:in `call'
vendor/bundle/ruby/2.4.0/gems/railties-5.1.2/lib/rails/engine.rb:522:in `call'
vendor/bundle/ruby/2.4.0/gems/puma-3.9.1/lib/puma/configuration.rb:224:in `call'
vendor/bundle/ruby/2.4.0/gems/puma-3.9.1/lib/puma/server.rb:602:in `handle_request'
vendor/bundle/ruby/2.4.0/gems/puma-3.9.1/lib/puma/server.rb:435:in `process_client'
vendor/bundle/ruby/2.4.0/gems/puma-3.9.1/lib/puma/server.rb:299:in `block in run'
vendor/bundle/ruby/2.4.0/gems/puma-3.9.1/lib/puma/thread_pool.rb:120:in `block in spawn_thread'
Started GET "/static_pages/" for 127.0.0.1 at 2017-07-19 16:45:16 +0900
  
ActionController::RoutingError (No route matches [GET] "/static_pages"):
  
vendor/bundle/ruby/2.4.0/gems/actionpack-5.1.2/lib/action_dispatch/middleware/debug_exceptions.rb:63:in `call'
vendor/bundle/ruby/2.4.0/gems/web-console-3.5.1/lib/web_console/middleware.rb:135:in `call_app'
vendor/bundle/ruby/2.4.0/gems/web-console-3.5.1/lib/web_console/middleware.rb:28:in `block in call'
vendor/bundle/ruby/2.4.0/gems/web-console-3.5.1/lib/web_console/middleware.rb:18:in `catch'
vendor/bundle/ruby/2.4.0/gems/web-console-3.5.1/lib/web_console/middleware.rb:18:in `call'
vendor/bundle/ruby/2.4.0/gems/actionpack-5.1.2/lib/action_dispatch/middleware/show_exceptions.rb:31:in `call'
vendor/bundle/ruby/2.4.0/gems/railties-5.1.2/lib/rails/rack/logger.rb:36:in `call_app'
vendor/bundle/ruby/2.4.0/gems/railties-5.1.2/lib/rails/rack/logger.rb:24:in `block in call'
vendor/bundle/ruby/2.4.0/gems/activesupport-5.1.2/lib/active_support/tagged_logging.rb:69:in `block in tagged'
vendor/bundle/ruby/2.4.0/gems/activesupport-5.1.2/lib/active_support/tagged_logging.rb:26:in `tagged'
vendor/bundle/ruby/2.4.0/gems/activesupport-5.1.2/lib/active_support/tagged_logging.rb:69:in `tagged'
vendor/bundle/ruby/2.4.0/gems/railties-5.1.2/lib/rails/rack/logger.rb:24:in `call'
vendor/bundle/ruby/2.4.0/gems/sprockets-rails-3.2.0/lib/sprockets/rails/quiet_assets.rb:13:in `call'
vendor/bundle/ruby/2.4.0/gems/actionpack-5.1.2/lib/action_dispatch/middleware/remote_ip.rb:79:in `call'
vendor/bundle/ruby/2.4.0/gems/actionpack-5.1.2/lib/action_dispatch/middleware/request_id.rb:25:in `call'
vendor/bundle/ruby/2.4.0/gems/rack-2.0.3/lib/rack/method_override.rb:22:in `call'
vendor/bundle/ruby/2.4.0/gems/rack-2.0.3/lib/rack/runtime.rb:22:in `call'
vendor/bundle/ruby/2.4.0/gems/activesupport-5.1.2/lib/active_support/cache/strategy/local_cache_middleware.rb:27:in `call'
vendor/bundle/ruby/2.4.0/gems/actionpack-5.1.2/lib/action_dispatch/middleware/executor.rb:12:in `call'
vendor/bundle/ruby/2.4.0/gems/actionpack-5.1.2/lib/action_dispatch/middleware/static.rb:125:in `call'
vendor/bundle/ruby/2.4.0/gems/rack-2.0.3/lib/rack/sendfile.rb:111:in `call'
vendor/bundle/ruby/2.4.0/gems/railties-5.1.2/lib/rails/engine.rb:522:in `call'
vendor/bundle/ruby/2.4.0/gems/puma-3.9.1/lib/puma/configuration.rb:224:in `call'
vendor/bundle/ruby/2.4.0/gems/puma-3.9.1/lib/puma/server.rb:602:in `handle_request'
vendor/bundle/ruby/2.4.0/gems/puma-3.9.1/lib/puma/server.rb:435:in `process_client'
vendor/bundle/ruby/2.4.0/gems/puma-3.9.1/lib/puma/server.rb:299:in `block in run'
vendor/bundle/ruby/2.4.0/gems/puma-3.9.1/lib/puma/thread_pool.rb:120:in `block in spawn_thread'
Started GET "/static_pages/home" for 127.0.0.1 at 2017-07-19 16:45:20 +0900
Processing by StaticPagesController#home as HTML
  Rendering static_pages/home.html.erb within layouts/application
  Rendered static_pages/home.html.erb within layouts/application (0.3ms)
Completed 200 OK in 474ms (Views: 374.4ms)


Started GET "/static_pages/home" for 127.0.0.1 at 2017-07-19 17:14:11 +0900
Processing by StaticPagesController#home as HTML
  Rendering static_pages/home.html.erb within layouts/application
  Rendered static_pages/home.html.erb within layouts/application (0.3ms)
Completed 200 OK in 14ms (Views: 12.8ms)


Started GET "/static_pages/help" for 127.0.0.1 at 2017-07-19 17:14:16 +0900
Processing by StaticPagesController#help as HTML
  Rendering static_pages/help.html.erb within layouts/application
  Rendered static_pages/help.html.erb within layouts/application (0.3ms)
Completed 200 OK in 13ms (Views: 11.1ms)


Started GET "/static_pages/about" for 127.0.0.1 at 2017-07-19 18:25:31 +0900
Processing by StaticPagesController#about as HTML
  Rendering static_pages/about.html.erb within layouts/application
  Rendered static_pages/about.html.erb within layouts/application (0.3ms)
Completed 200 OK in 15ms (Views: 13.2ms)


Started GET "/static_pages/home" for 127.0.0.1 at 2017-07-19 18:43:15 +0900
Processing by StaticPagesController#home as HTML
  Rendering static_pages/home.html.erb
  Rendered static_pages/home.html.erb (0.4ms)
Completed 200 OK in 5ms (Views: 4.1ms)


Started GET "/static_pages/home" for 127.0.0.1 at 2017-07-19 18:43:31 +0900
Processing by StaticPagesController#home as HTML
  Rendering static_pages/home.html.erb
  Rendered static_pages/home.html.erb (0.3ms)
Completed 200 OK in 5ms (Views: 3.8ms)


Started GET "/static_pages/home" for 127.0.0.1 at 2017-07-19 18:44:50 +0900
Processing by StaticPagesController#home as HTML
  Rendering static_pages/home.html.erb
  Rendered static_pages/home.html.erb (0.9ms)
Completed 200 OK in 7ms (Views: 5.5ms)


Started GET "/static_pages/home" for 127.0.0.1 at 2017-07-19 19:02:43 +0900
Processing by StaticPagesController#home as HTML
  Rendering static_pages/home.html.erb within layouts/application
  Rendered static_pages/home.html.erb within layouts/application (0.3ms)
Completed 200 OK in 15ms (Views: 12.9ms)


Started GET "/static_pages/help" for 127.0.0.1 at 2017-07-19 19:02:48 +0900
Processing by StaticPagesController#help as HTML
  Rendering static_pages/help.html.erb within layouts/application
  Rendered static_pages/help.html.erb within layouts/application (0.3ms)
Completed 200 OK in 14ms (Views: 12.1ms)


Started GET "/static_pages/about" for 127.0.0.1 at 2017-07-19 19:02:58 +0900
Processing by StaticPagesController#about as HTML
  Rendering static_pages/about.html.erb within layouts/application
  Rendered static_pages/about.html.erb within layouts/application (0.4ms)
Completed 200 OK in 14ms (Views: 12.5ms)


Started GET "/static_pages/home" for 127.0.0.1 at 2017-07-19 19:03:03 +0900
Processing by StaticPagesController#home as HTML
  Rendering static_pages/home.html.erb within layouts/application
  Rendered static_pages/home.html.erb within layouts/application (0.4ms)
Completed 200 OK in 14ms (Views: 12.4ms)


